# JRE version: OpenJDK Runtime Environment (7.0_79-b14) (build 1.7.0_79-b14)
# Java VM: OpenJDK 64-Bit Server VM (24.79-b02 mixed mode linux-amd64 compressed oops)
Heap
 PSYoungGen      total 195584K, used 92496K [0x00000000eaa80000, 0x00000000fdd80000, 0x0000000100000000)
  eden space 191488K, 46% used [0x00000000eaa80000,0x00000000f00efe40,0x00000000f6580000)
  from space 4096K, 97% used [0x00000000fd980000,0x00000000fdd64538,0x00000000fdd80000)
  to   space 42496K, 0% used [0x00000000f8a80000,0x00000000f8a80000,0x00000000fb400000)
 ParOldGen       total 175104K, used 145582K [0x00000000c0000000, 0x00000000cab00000, 0x00000000eaa80000)
  object space 175104K, 83% used [0x00000000c0000000,0x00000000c8e2bb28,0x00000000cab00000)
 PSPermGen       total 112640K, used 112317K [0x00000000b0000000, 0x00000000b6e00000, 0x00000000c0000000)
  object space 112640K, 99% used [0x00000000b0000000,0x00000000b6daf668,0x00000000b6e00000)
GC Heap History (10 events):
Event: 41.284 GC heap before
{Heap before GC invocations=8 (full 0):
 PSYoungGen      total 97280K, used 93908K [0x00000000eaa80000, 0x00000000f6980000, 0x0000000100000000)
  eden space 64512K, 100% used [0x00000000eaa80000,0x00000000ee980000,0x00000000ee980000)
  from space 32768K, 89% used [0x00000000ee980000,0x00000000f0635060,0x00000000f0980000)
  to   space 33280K, 0% used [0x00000000f4900000,0x00000000f4900000,0x00000000f6980000)
 ParOldGen       total 175104K, used 87256K [0x00000000c0000000, 0x00000000cab00000, 0x00000000eaa80000)
  object space 175104K, 49% used [0x00000000c0000000,0x00000000c5536170,0x00000000cab00000)
 PSPermGen       total 92160K, used 92104K [0x00000000b0000000, 0x00000000b5a00000, 0x00000000c0000000)
  object space 92160K, 99% used [0x00000000b0000000,0x00000000b59f21f8,0x00000000b5a00000)
Event: 41.338 GC heap after
Heap after GC invocations=8 (full 0):
 PSYoungGen      total 157184K, used 33274K [0x00000000eaa80000, 0x00000000f7380000, 0x0000000100000000)
  eden space 123904K, 0% used [0x00000000eaa80000,0x00000000eaa80000,0x00000000f2380000)
  from space 33280K, 99% used [0x00000000f4900000,0x00000000f697eb98,0x00000000f6980000)
  to   space 38400K, 0% used [0x00000000f2380000,0x00000000f2380000,0x00000000f4900000)
 ParOldGen       total 175104K, used 95117K [0x00000000c0000000, 0x00000000cab00000, 0x00000000eaa80000)
  object space 175104K, 54% used [0x00000000c0000000,0x00000000c5ce3700,0x00000000cab00000)
 PSPermGen       total 92160K, used 92104K [0x00000000b0000000, 0x00000000b5a00000, 0x00000000c0000000)
  object space 92160K, 99% used [0x00000000b0000000,0x00000000b59f21f8,0x00000000b5a00000)
}
Event: 46.838 GC heap before
{Heap before GC invocations=9 (full 0):
 PSYoungGen      total 157184K, used 157178K [0x00000000eaa80000, 0x00000000f7380000, 0x0000000100000000)
  eden space 123904K, 100% used [0x00000000eaa80000,0x00000000f2380000,0x00000000f2380000)
  from space 33280K, 99% used [0x00000000f4900000,0x00000000f697eb98,0x00000000f6980000)
  to   space 38400K, 0% used [0x00000000f2380000,0x00000000f2380000,0x00000000f4900000)
 ParOldGen       total 175104K, used 95117K [0x00000000c0000000, 0x00000000cab00000, 0x00000000eaa80000)
  object space 175104K, 54% used [0x00000000c0000000,0x00000000c5ce3700,0x00000000cab00000)
 PSPermGen       total 102912K, used 102907K [0x00000000b0000000, 0x00000000b6480000, 0x00000000c0000000)
  object space 102912K, 99% used [0x00000000b0000000,0x00000000b647ef90,0x00000000b6480000)
Event: 46.894 GC heap after
Heap after GC invocations=9 (full 0):
 PSYoungGen      total 162304K, used 33896K [0x00000000eaa80000, 0x00000000fb980000, 0x0000000100000000)
  eden space 123904K, 0% used [0x00000000eaa80000,0x00000000eaa80000,0x00000000f2380000)
  from space 38400K, 88% used [0x00000000f2380000,0x00000000f449a1c0,0x00000000f4900000)
  to   space 39424K, 0% used [0x00000000f9300000,0x00000000f9300000,0x00000000fb980000)
 ParOldGen       total 175104K, used 104217K [0x00000000c0000000, 0x00000000cab00000, 0x00000000eaa80000)
  object space 175104K, 59% used [0x00000000c0000000,0x00000000c65c6658,0x00000000cab00000)
 PSPermGen       total 102912K, used 102907K [0x00000000b0000000, 0x00000000b6480000, 0x00000000c0000000)
  object space 102912K, 99% used [0x00000000b0000000,0x00000000b647ef90,0x00000000b6480000)
}
Event: 49.649 GC heap before
{Heap before GC invocations=10 (full 0):
 PSYoungGen      total 162304K, used 157800K [0x00000000eaa80000, 0x00000000fb980000, 0x0000000100000000)
  eden space 123904K, 100% used [0x00000000eaa80000,0x00000000f2380000,0x00000000f2380000)
  from space 38400K, 88% used [0x00000000f2380000,0x00000000f449a1c0,0x00000000f4900000)
  to   space 39424K, 0% used [0x00000000f9300000,0x00000000f9300000,0x00000000fb980000)
 ParOldGen       total 175104K, used 104217K [0x00000000c0000000, 0x00000000cab00000, 0x00000000eaa80000)
  object space 175104K, 59% used [0x00000000c0000000,0x00000000c65c6658,0x00000000cab00000)
 PSPermGen       total 104448K, used 103993K [0x00000000b0000000, 0x00000000b6600000, 0x00000000c0000000)
  object space 104448K, 99% used [0x00000000b0000000,0x00000000b658e780,0x00000000b6600000)
Event: 49.700 GC heap after
Heap after GC invocations=10 (full 0):
 PSYoungGen      total 238080K, used 25135K [0x00000000eaa80000, 0x00000000fb980000, 0x0000000100000000)
  eden space 198656K, 0% used [0x00000000eaa80000,0x00000000eaa80000,0x00000000f6c80000)
  from space 39424K, 63% used [0x00000000f9300000,0x00000000fab8bd20,0x00000000fb980000)
  to   space 39424K, 0% used [0x00000000f6c80000,0x00000000f6c80000,0x00000000f9300000)
 ParOldGen       total 175104K, used 118939K [0x00000000c0000000, 0x00000000cab00000, 0x00000000eaa80000)
  object space 175104K, 67% used [0x00000000c0000000,0x00000000c7426c60,0x00000000cab00000)
 PSPermGen       total 104448K, used 103993K [0x00000000b0000000, 0x00000000b6600000, 0x00000000c0000000)
  object space 104448K, 99% used [0x00000000b0000000,0x00000000b658e780,0x00000000b6600000)
}
Event: 84.146 GC heap before
{Heap before GC invocations=11 (full 0):
 PSYoungGen      total 238080K, used 223791K [0x00000000eaa80000, 0x00000000fb980000, 0x0000000100000000)
  eden space 198656K, 100% used [0x00000000eaa80000,0x00000000f6c80000,0x00000000f6c80000)
  from space 39424K, 63% used [0x00000000f9300000,0x00000000fab8bd20,0x00000000fb980000)
  to   space 39424K, 0% used [0x00000000f6c80000,0x00000000f6c80000,0x00000000f9300000)
 ParOldGen       total 175104K, used 118939K [0x00000000c0000000, 0x00000000cab00000, 0x00000000eaa80000)
  object space 175104K, 67% used [0x00000000c0000000,0x00000000c7426c60,0x00000000cab00000)
 PSPermGen       total 109568K, used 109118K [0x00000000b0000000, 0x00000000b6b00000, 0x00000000c0000000)
  object space 109568K, 99% used [0x00000000b0000000,0x00000000b6a8f9e8,0x00000000b6b00000)
Event: 84.189 GC heap after
Heap after GC invocations=11 (full 0):
 PSYoungGen      total 238080K, used 21296K [0x00000000eaa80000, 0x0000000100000000, 0x0000000100000000)
  eden space 198656K, 0% used [0x00000000eaa80000,0x00000000eaa80000,0x00000000f6c80000)
  from space 39424K, 54% used [0x00000000f6c80000,0x00000000f814c2a8,0x00000000f9300000)
  to   space 39424K, 0% used [0x00000000fd980000,0x00000000fd980000,0x0000000100000000)
 ParOldGen       total 175104K, used 140649K [0x00000000c0000000, 0x00000000cab00000, 0x00000000eaa80000)
  object space 175104K, 80% used [0x00000000c0000000,0x00000000c895a670,0x00000000cab00000)
 PSPermGen       total 109568K, used 109118K [0x00000000b0000000, 0x00000000b6b00000, 0x00000000c0000000)
  object space 109568K, 99% used [0x00000000b0000000,0x00000000b6a8f9e8,0x00000000b6b00000)
}
Event: 150.021 GC heap before
{Heap before GC invocations=12 (full 0):
 PSYoungGen      total 238080K, used 219952K [0x00000000eaa80000, 0x0000000100000000, 0x0000000100000000)
  eden space 198656K, 100% used [0x00000000eaa80000,0x00000000f6c80000,0x00000000f6c80000)
  from space 39424K, 54% used [0x00000000f6c80000,0x00000000f814c2a8,0x00000000f9300000)
  to   space 39424K, 0% used [0x00000000fd980000,0x00000000fd980000,0x0000000100000000)
 ParOldGen       total 175104K, used 140649K [0x00000000c0000000, 0x00000000cab00000, 0x00000000eaa80000)
  object space 175104K, 80% used [0x00000000c0000000,0x00000000c895a670,0x00000000cab00000)
 PSPermGen       total 111616K, used 111561K [0x00000000b0000000, 0x00000000b6d00000, 0x00000000c0000000)
  object space 111616K, 99% used [0x00000000b0000000,0x00000000b6cf27c0,0x00000000b6d00000)
Event: 150.043 GC heap after
Heap after GC invocations=12 (full 0):
 PSYoungGen      total 195584K, used 3985K [0x00000000eaa80000, 0x00000000fdd80000, 0x0000000100000000)
  eden space 191488K, 0% used [0x00000000eaa80000,0x00000000eaa80000,0x00000000f6580000)
  from space 4096K, 97% used [0x00000000fd980000,0x00000000fdd64538,0x00000000fdd80000)
  to   space 42496K, 0% used [0x00000000f8a80000,0x00000000f8a80000,0x00000000fb400000)
 ParOldGen       total 175104K, used 145582K [0x00000000c0000000, 0x00000000cab00000, 0x00000000eaa80000)
  object space 175104K, 83% used [0x00000000c0000000,0x00000000c8e2bb28,0x00000000cab00000)
 PSPermGen       total 111616K, used 111561K [0x00000000b0000000, 0x00000000b6d00000, 0x00000000c0000000)
  object space 111616K, 99% used [0x00000000b0000000,0x00000000b6cf27c0,0x00000000b6d00000)
}

